<?xml version="1.0" encoding="UTF-8"?>
<testsuite xmlns:xsi="http://www.w3.org/2001/XMLSchema-instance" xsi:noNamespaceSchemaLocation="https://maven.apache.org/surefire/maven-surefire-plugin/xsd/surefire-test-report-3.0.xsd" version="3.0" name="com.example.kafka_producer.KafkaProducerApplicationTests" time="4.196" tests="1" errors="0" skipped="0" failures="0">
  <properties>
[...]
</properties>
  <testcase name="contextLoads" classname="com.example.kafka_producer.KafkaProducerApplicationTests" time="1.064">
    <system-out><![CDATA[13:13:05.906 [main] INFO org.springframework.test.context.support.AnnotationConfigContextLoaderUtils -- Could not detect default configuration classes for test class [com.example.kafka_producer.KafkaProducerApplicationTests]: KafkaProducerApplicationTests does not declare any static, non-private, non-final, nested classes annotated with @Configuration.
13:13:06.099 [main] INFO org.springframework.boot.test.context.SpringBootTestContextBootstrapper -- Found @SpringBootConfiguration com.example.kafka_producer.KafkaProducerApplication for test class com.example.kafka_producer.KafkaProducerApplicationTests
13:13:06.315 [main] INFO org.springframework.boot.devtools.restart.RestartApplicationListener -- Restart disabled due to context in which it is running

  .   ____          _            __ _ _
 /\\ / ___'_ __ _ _(_)_ __  __ _ \ \ \ \
( ( )\___ | '_ | '_| | '_ \/ _` | \ \ \ \
 \\/  ___)| |_)| | | | | || (_| |  ) ) ) )
  '  |____| .__|_| |_|_| |_\__, | / / / /
 =========|_|==============|___/=/_/_/_/

 :: Spring Boot ::                (v3.3.1)

2025-02-15T13:13:06.789-03:00  INFO 3691189 --- [kafka-producer] [           main] c.e.k.KafkaProducerApplicationTests      : Starting KafkaProducerApplicationTests using Java 21.0.5 with PID 3691189 (started by gustavo-romero in /home/gustavo-romero/Documentos/Ingeniería en desarrollo de software/Bimestre V/Desarrollo Cloud Native I/Git/kafka-producer)
2025-02-15T13:13:06.791-03:00  INFO 3691189 --- [kafka-producer] [           main] c.e.k.KafkaProducerApplicationTests      : No active profile set, falling back to 1 default profile: "default"
2025-02-15T13:13:08.764-03:00  INFO 3691189 --- [kafka-producer] [           main] c.e.k.KafkaProducerApplicationTests      : Started KafkaProducerApplicationTests in 2.472 seconds (process running for 3.826)
]]></system-out>
    <system-err><![CDATA[WARNING: A Java agent has been loaded dynamically (/home/gustavo-romero/.m2/repository/net/bytebuddy/byte-buddy-agent/1.14.17/byte-buddy-agent-1.14.17.jar)
WARNING: If a serviceability tool is in use, please run with -XX:+EnableDynamicAgentLoading to hide this warning
WARNING: If a serviceability tool is not in use, please run with -Djdk.instrument.traceUsage for more information
WARNING: Dynamic loading of agents will be disallowed by default in a future release
]]></system-err>
  </testcase>
</testsuite>